<?xml version="1.0" encoding="UTF-8"?>
<!-- Generated by org.testng.reporters.JUnitReportReporter -->
<testsuite skipped="0" hostname="INCHLPT113" name="DataprovideLearning.DataproviderInDiffClass" tests="2" failures="0" timestamp="15 Apr 2019 01:15:55 GMT" time="0.012" errors="0">
  <testcase name="dataprovider1" time="0.003" classname="DataprovideLearning.DataproviderInDiffClass"/>
  <testcase name="dataprovider1" time="0.009" classname="DataprovideLearning.DataproviderInDiffClass"/>
</testsuite> <!-- DataprovideLearning.DataproviderInDiffClass -->
