<?xml version="1.0" encoding="UTF-8"?>
<!-- Generated by org.testng.reporters.JUnitReportReporter -->
<testsuite skipped="0" hostname="INCHLPT113" name="DataprovideLearning.ReadFromXL_DataProvider" tests="3" failures="0" timestamp="30 May 2019 11:45:35 GMT" time="0.016" errors="0">
  <testcase name="readfromdataprovider" time="0.016" classname="DataprovideLearning.ReadFromXL_DataProvider"/>
  <testcase name="readfromdataprovider" time="0.000" classname="DataprovideLearning.ReadFromXL_DataProvider"/>
  <testcase name="readfromdataprovider" time="0.000" classname="DataprovideLearning.ReadFromXL_DataProvider"/>
</testsuite> <!-- DataprovideLearning.ReadFromXL_DataProvider -->
