<?xml version="1.0" encoding="UTF-8"?>
<!-- Generated by org.testng.reporters.JUnitReportReporter -->
<testsuite skipped="0" hostname="INCHLPT113" name="DataprovideLearning.DataproviderInSameClass" tests="2" failures="0" timestamp="15 Apr 2019 00:53:03 GMT" time="0.013" errors="0">
  <testcase name="Testmethod1" time="0.010" classname="DataprovideLearning.DataproviderInSameClass"/>
  <testcase name="Testmethod1" time="0.003" classname="DataprovideLearning.DataproviderInSameClass"/>
</testsuite> <!-- DataprovideLearning.DataproviderInSameClass -->
