<?xml version="1.0" encoding="UTF-8"?>
<!-- Generated by org.testng.reporters.JUnitReportReporter -->
<testsuite skipped="0" hostname="INCHLPT113" name="DataprovideLearning.FBLogin" tests="3" failures="0" timestamp="20 Apr 2019 17:27:36 GMT" time="47.560" errors="0">
  <testcase name="fb_login_dataprovider" time="14.160" classname="DataprovideLearning.FBLogin"/>
  <testcase name="fb_login_dataprovider" time="15.067" classname="DataprovideLearning.FBLogin"/>
  <testcase name="fb_login_dataprovider" time="18.333" classname="DataprovideLearning.FBLogin"/>
</testsuite> <!-- DataprovideLearning.FBLogin -->
