<?xml version="1.0" encoding="UTF-8"?>
<!-- Generated by org.testng.reporters.JUnitReportReporter -->
<testsuite skipped="0" hostname="INCHLPT113" name="LakshmiDailyTask.DailyTask" tests="1" failures="0" timestamp="30 Jun 2019 15:28:05 GMT" time="47.604" errors="0">
  <testcase name="fb_login_dataprovider" time="47.604" classname="LakshmiDailyTask.DailyTask"/>
</testsuite> <!-- LakshmiDailyTask.DailyTask -->
