<?xml version="1.0" encoding="UTF-8"?>
<!-- Generated by org.testng.reporters.JUnitReportReporter -->
<testsuite skipped="0" hostname="INCHLPT113" name="Facebooklogin" tests="1" failures="0" timestamp="18 Apr 2019 19:27:59 GMT" time="33.871" errors="0">
  <testcase name="fb_login_dataprovider" time="33.871" classname="Facebooklogin"/>
</testsuite> <!-- Facebooklogin -->
